<?xml version="1.0" encoding="UTF-8"?>
<!-- Generated by org.testng.reporters.JUnitXMLReporter -->
<testsuite ignored="2" hostname="LAPTOP-JBGDIS0P" failures="0" tests="6" name="Test-2" time="222.565" errors="0" timestamp="2024-08-16T16:44:43 IST">
  <testcase classname="com.comcats.crm.practixeContactTest.CreateContact1Test" name="createContactTest" time="19.286"/>
  <testcase classname="com.comcats.crm.practixeContactTest.CreateContact1Test" name="createContactWithOrganizationTest" time="39.583"/>
  <testcase classname="com.comcats.crm.practixeContactTest.CreateContact1Test" name="createcontactWithSupportDateTest" time="20.629"/>
  <testcase classname="cpm.comcat.crm.orgTest.CreateOrganization1Test" name="createOrganizationTest" time="22.549"/>
  <testcase classname="cpm.comcat.crm.orgTest.CreateOrganization1Test" name="createOrganizationWithIndustryType" time="20.248"/>
  <testcase classname="cpm.comcat.crm.orgTest.CreateOrganization1Test" name="createOrganizationWithPhonenumber" time="17.088"/>
  <testcase classname="com.comcast.crm.BaseUtility.SampleBaseClass" name="@AfterSuite configAC" time="0.0">
    <ignored/>
  </testcase> <!-- @AfterSuite configAC -->
  <testcase classname="com.comcast.crm.BaseUtility.SampleBaseClass" name="@BeforeSuite configBS" time="0.0">
    <ignored/>
  </testcase> <!-- @BeforeSuite configBS -->
</testsuite> <!-- Test-2 -->
