<?xml version="1.0" encoding="UTF-8"?>
<!-- Generated by org.testng.reporters.JUnitXMLReporter -->
<testsuite ignored="2" hostname="LAPTOP-JBGDIS0P" failures="0" tests="6" name="Test-1" time="207.691" errors="0" timestamp="2024-08-16T16:44:28 IST">
  <testcase classname="com.comcats.crm.practixeContactTest.CreateContact1Test" name="createContactTest" time="18.108"/>
  <testcase classname="com.comcats.crm.practixeContactTest.CreateContact1Test" name="createContactWithOrganizationTest" time="36.139"/>
  <testcase classname="com.comcats.crm.practixeContactTest.CreateContact1Test" name="createcontactWithSupportDateTest" time="18.571"/>
  <testcase classname="cpm.comcat.crm.orgTest.CreateOrganization1Test" name="createOrganizationTest" time="24.378"/>
  <testcase classname="cpm.comcat.crm.orgTest.CreateOrganization1Test" name="createOrganizationWithIndustryType" time="21.597"/>
  <testcase classname="cpm.comcat.crm.orgTest.CreateOrganization1Test" name="createOrganizationWithPhonenumber" time="15.134"/>
  <testcase classname="com.comcast.crm.BaseUtility.SampleBaseClass" name="@BeforeSuite configBS" time="0.0">
    <ignored/>
  </testcase> <!-- @BeforeSuite configBS -->
  <testcase classname="com.comcast.crm.BaseUtility.SampleBaseClass" name="@AfterSuite configAC" time="0.0">
    <ignored/>
  </testcase> <!-- @AfterSuite configAC -->
</testsuite> <!-- Test-1 -->
