<?xml version="1.0" encoding="UTF-8"?>
<!-- Generated by org.testng.reporters.JUnitReportReporter -->
<testsuite hostname="LAPTOP-JBGDIS0P" failures="0" tests="6" name="com.comcats.crm.practixeContactTest.CreateContact1Test" time="212.209" errors="0" timestamp="2024-08-16T16:44:44 IST" skipped="0">
  <testcase classname="com.comcats.crm.practixeContactTest.CreateContact1Test" name="createContactWithOrganizationTest" time="46.779"/>
  <system-out/>
  <testcase classname="com.comcats.crm.practixeContactTest.CreateContact1Test" name="createContactTest" time="25.049"/>
  <system-out/>
  <testcase classname="com.comcats.crm.practixeContactTest.CreateContact1Test" name="createContactWithOrganizationTest" time="43.309"/>
  <system-out/>
  <testcase classname="com.comcats.crm.practixeContactTest.CreateContact1Test" name="createcontactWithSupportDateTest" time="28.253"/>
  <system-out/>
  <testcase classname="com.comcats.crm.practixeContactTest.CreateContact1Test" name="createContactTest" time="33.237"/>
  <system-out/>
  <testcase classname="com.comcats.crm.practixeContactTest.CreateContact1Test" name="createcontactWithSupportDateTest" time="35.582"/>
  <system-out/>
</testsuite> <!-- com.comcats.crm.practixeContactTest.CreateContact1Test -->
