<?xml version="1.0" encoding="UTF-8"?>
<!-- Generated by org.testng.reporters.JUnitReportReporter -->
<testsuite hostname="LAPTOP-JBGDIS0P" failures="0" tests="6" name="cpm.comcat.crm.orgTest.CreateOrganization1Test" time="179.895" errors="0" timestamp="2024-08-16T16:44:44 IST" skipped="0">
  <testcase classname="cpm.comcat.crm.orgTest.CreateOrganization1Test" name="createOrganizationTest" time="36.544"/>
  <system-out/>
  <testcase classname="cpm.comcat.crm.orgTest.CreateOrganization1Test" name="createOrganizationWithIndustryType" time="29.274"/>
  <system-out/>
  <testcase classname="cpm.comcat.crm.orgTest.CreateOrganization1Test" name="createOrganizationWithIndustryType" time="33.636"/>
  <system-out/>
  <testcase classname="cpm.comcat.crm.orgTest.CreateOrganization1Test" name="createOrganizationWithPhonenumber" time="27.027"/>
  <system-out/>
  <testcase classname="cpm.comcat.crm.orgTest.CreateOrganization1Test" name="createOrganizationTest" time="29.955"/>
  <system-out/>
  <testcase classname="cpm.comcat.crm.orgTest.CreateOrganization1Test" name="createOrganizationWithPhonenumber" time="23.459"/>
  <system-out/>
</testsuite> <!-- cpm.comcat.crm.orgTest.CreateOrganization1Test -->
